<?xml version="1.0" encoding="UTF-8"?>
<!-- Generated by org.testng.reporters.JUnitXMLReporter -->
<testsuite ignored="0" hostname="SaranyaSiva" failures="0" tests="4" name="Default test" time="8.935" errors="0" timestamp="2026-02-05T13:36:01 IST">
  <testcase classname="finalProjBankingProj.Customer" name="customerLoginAndSelectAccount" time="1.725"/>
  <testcase classname="finalProjBankingProj.Customer" name="customerDeposit" time="0.892"/>
  <testcase classname="finalProjBankingProj.Customer" name="customerWithdraw" time="0.641"/>
  <testcase classname="finalProjBankingProj.Customer" name="transactionsAndReset" time="2.716"/>
</testsuite> <!-- Default test -->
