<?xml version="1.0" encoding="UTF-8"?>
<testng-results ignored="0" total="4" passed="4" failed="0" skipped="0">
  <reporter-output>
  </reporter-output>
  <suite started-at="2026-02-05T13:35:52 IST" name="Default suite" finished-at="2026-02-05T13:36:01 IST" duration-ms="8935">
    <groups>
      <group name="regression">
        <method signature="Customer.customerLoginAndSelectAccount()[pri:1, instance:finalProjBankingProj.Customer@5b40ceb]" name="customerLoginAndSelectAccount" class="finalProjBankingProj.Customer"/>
        <method signature="Customer.customerDeposit()[pri:2, instance:finalProjBankingProj.Customer@5b40ceb]" name="customerDeposit" class="finalProjBankingProj.Customer"/>
        <method signature="Customer.customerWithdraw()[pri:3, instance:finalProjBankingProj.Customer@5b40ceb]" name="customerWithdraw" class="finalProjBankingProj.Customer"/>
        <method signature="Customer.transactionsAndReset()[pri:4, instance:finalProjBankingProj.Customer@5b40ceb]" name="transactionsAndReset" class="finalProjBankingProj.Customer"/>
      </group> <!-- regression -->
    </groups>
    <test started-at="2026-02-05T13:35:52 IST" name="Default test" finished-at="2026-02-05T13:36:01 IST" duration-ms="8935">
      <class name="finalProjBankingProj.Customer">
        <test-method is-config="true" signature="setup()[pri:0, instance:finalProjBankingProj.Customer@5b40ceb]" started-at="2026-02-05T13:35:52 IST" name="setup" finished-at="2026-02-05T13:35:55 IST" duration-ms="2676" status="PASS">
          <reporter-output>
          </reporter-output>
        </test-method> <!-- setup -->
        <test-method signature="customerLoginAndSelectAccount()[pri:1, instance:finalProjBankingProj.Customer@5b40ceb]" started-at="2026-02-05T13:35:55 IST" name="customerLoginAndSelectAccount" description="Customer login and select account" finished-at="2026-02-05T13:35:57 IST" duration-ms="1725" status="PASS">
          <reporter-output>
          </reporter-output>
        </test-method> <!-- customerLoginAndSelectAccount -->
        <test-method signature="customerDeposit()[pri:2, instance:finalProjBankingProj.Customer@5b40ceb]" started-at="2026-02-05T13:35:57 IST" name="customerDeposit" description="Customer deposit" finished-at="2026-02-05T13:35:57 IST" depends-on-methods="finalProjBankingProj.Customer.customerLoginAndSelectAccount" duration-ms="892" status="PASS">
          <reporter-output>
          </reporter-output>
        </test-method> <!-- customerDeposit -->
        <test-method signature="customerWithdraw()[pri:3, instance:finalProjBankingProj.Customer@5b40ceb]" started-at="2026-02-05T13:35:57 IST" name="customerWithdraw" description="Customer withdraw" finished-at="2026-02-05T13:35:58 IST" depends-on-methods="finalProjBankingProj.Customer.customerDeposit" duration-ms="641" status="PASS">
          <reporter-output>
          </reporter-output>
        </test-method> <!-- customerWithdraw -->
        <test-method signature="transactionsAndReset()[pri:4, instance:finalProjBankingProj.Customer@5b40ceb]" started-at="2026-02-05T13:35:58 IST" name="transactionsAndReset" description="Transactions and reset" finished-at="2026-02-05T13:36:01 IST" depends-on-methods="finalProjBankingProj.Customer.customerWithdraw" duration-ms="2716" status="PASS">
          <reporter-output>
          </reporter-output>
        </test-method> <!-- transactionsAndReset -->
        <test-method is-config="true" signature="tearDown()[pri:0, instance:finalProjBankingProj.Customer@5b40ceb]" started-at="2026-02-05T13:36:01 IST" name="tearDown" finished-at="2026-02-05T13:36:01 IST" duration-ms="224" status="PASS">
          <reporter-output>
          </reporter-output>
        </test-method> <!-- tearDown -->
      </class> <!-- finalProjBankingProj.Customer -->
    </test> <!-- Default test -->
  </suite> <!-- Default suite -->
</testng-results>
