<?xml version="1.0" encoding="UTF-8"?>
<!-- Generated by org.testng.reporters.JUnitReportReporter -->
<testsuite hostname="SaranyaSiva" failures="0" tests="4" name="finalProjBankingProj.BankManager" time="15.252" errors="0" timestamp="2026-02-05T13:34:28 IST" skipped="0">
  <testcase classname="finalProjBankingProj.BankManager" name="managerCreatesCustomerAndAccount" time="3.665"/>
  <testcase classname="finalProjBankingProj.BankManager" name="customersSortingChecks" time="1.216"/>
  <testcase classname="finalProjBankingProj.BankManager" name="customersSearch" time="0.102"/>
  <testcase classname="finalProjBankingProj.BankManager" name="deleteCustomerAndVerify" time="10.269"/>
</testsuite> <!-- finalProjBankingProj.BankManager -->
