<?xml version="1.0" encoding="UTF-8"?>
<!-- Generated by org.testng.reporters.JUnitReportReporter -->
<testsuite hostname="SaranyaSiva" failures="0" tests="5" name="finalProjBankingProj.EndFlowTest" time="22.265" errors="0" timestamp="2026-02-05T13:32:55 IST" skipped="0">
  <testcase classname="finalProjBankingProj.EndFlowTest" name="managerCreatesCustomerAndAccount" time="2.492"/>
  <testcase classname="finalProjBankingProj.EndFlowTest" name="customerDepositsAmount" time="3.243"/>
  <testcase classname="finalProjBankingProj.EndFlowTest" name="customerWithdrawsAmount" time="0.608"/>
  <testcase classname="finalProjBankingProj.EndFlowTest" name="verifyTransactionsAndReset" time="3.953"/>
  <testcase classname="finalProjBankingProj.EndFlowTest" name="managerCustomersOpsAndDelete" time="11.969"/>
</testsuite> <!-- finalProjBankingProj.EndFlowTest -->
